current directory: /Users/mienpv/Documents/Startup/movie-database-app-mienpv/MovieDatabaseApp/vendor/bundle/ruby/2.7.0/gems/bigdecimal-3.1.9/ext/bigdecimal
/opt/homebrew/opt/ruby@2.7/bin/ruby extconf.rb
checking for __builtin_clz()... yes
checking for __builtin_clzl()... yes
checking for __builtin_clzll()... yes
checking for float.h... yes
checking for math.h... yes
checking for stdbool.h... yes
checking for stdlib.h... yes
checking for x86intrin.h... yes
checking for _lzcnt_u32() in x86intrin.h... yes
checking for _lzcnt_u64() in x86intrin.h... yes
checking for intrin.h... no
checking for labs() in stdlib.h... yes
checking for llabs() in stdlib.h... yes
checking for finite() in math.h... yes
checking for isfinite() in math.h... no
checking for ruby/atomic.h... no
checking for ruby/internal/has/builtin.h... no
checking for ruby/internal/static_assert.h... no
checking for rb_rational_num() in ruby.h... no
checking for rb_rational_den() in ruby.h... no
checking for rb_complex_real() in ruby.h... no
checking for rb_complex_imag() in ruby.h... no
checking for rb_opts_exception_p() in ruby.h... no
checking for rb_category_warn() in ruby.h... no
checking for RB_WARN_CATEGORY_DEPRECATED in ruby.h... no
creating Makefile

current directory: /Users/mienpv/Documents/Startup/movie-database-app-mienpv/MovieDatabaseApp/vendor/bundle/ruby/2.7.0/gems/bigdecimal-3.1.9/ext/bigdecimal
make DESTDIR\= sitearchdir\=./.gem.20250321-48727-1qkltb6 sitelibdir\=./.gem.20250321-48727-1qkltb6 clean

current directory: /Users/mienpv/Documents/Startup/movie-database-app-mienpv/MovieDatabaseApp/vendor/bundle/ruby/2.7.0/gems/bigdecimal-3.1.9/ext/bigdecimal
make DESTDIR\= sitearchdir\=./.gem.20250321-48727-1qkltb6 sitelibdir\=./.gem.20250321-48727-1qkltb6
compiling bigdecimal.c
In file included from bigdecimal.c:11:
In file included from ./bigdecimal.h:14:
./missing.h:127:1: error: static declaration of 'rb_rational_num' follows non-static declaration
  127 | rb_rational_num(VALUE rat)
      | ^
/opt/homebrew/Cellar/ruby@2.7/2.7.8_1/include/ruby-2.7.0/ruby/intern.h:184:7: note: previous declaration is here
  184 | VALUE rb_rational_num(VALUE rat);
      |       ^
In file included from bigdecimal.c:11:
In file included from ./bigdecimal.h:14:
./missing.h:139:1: error: static declaration of 'rb_rational_den' follows non-static declaration
  139 | rb_rational_den(VALUE rat)
      | ^
/opt/homebrew/Cellar/ruby@2.7/2.7.8_1/include/ruby-2.7.0/ruby/intern.h:185:7: note: previous declaration is here
  185 | VALUE rb_rational_den(VALUE rat);
      |       ^
In file included from bigdecimal.c:11:
In file included from ./bigdecimal.h:14:
./missing.h:153:1: error: static declaration of 'rb_complex_real' follows non-static declaration
  153 | rb_complex_real(VALUE cmp)
      | ^
/opt/homebrew/Cellar/ruby@2.7/2.7.8_1/include/ruby-2.7.0/ruby/intern.h:197:7: note: previous declaration is here
  197 | VALUE rb_complex_real(VALUE z);
      |       ^
In file included from bigdecimal.c:11:
In file included from ./bigdecimal.h:14:
./missing.h:165:1: error: static declaration of 'rb_complex_imag' follows non-static declaration
  165 | rb_complex_imag(VALUE cmp)
      | ^
/opt/homebrew/Cellar/ruby@2.7/2.7.8_1/include/ruby-2.7.0/ruby/intern.h:198:7: note: previous declaration is here
  198 | VALUE rb_complex_imag(VALUE z);
      |       ^
4 errors generated.
make: *** [bigdecimal.o] Error 1

make failed, exit code 2
